[0m19:45:18.790151 [debug] [MainThread]: Sending event: {'category': 'dbt', 'action': 'invocation', 'label': 'start', 'context': [<snowplow_tracker.self_describing_json.SelfDescribingJson object at 0x00000273D68A6F10>, <snowplow_tracker.self_describing_json.SelfDescribingJson object at 0x00000273D68A70D0>, <snowplow_tracker.self_describing_json.SelfDescribingJson object at 0x00000273D68A7250>]}


============================== 19:45:18.830327 | 3d8e43bc-da95-4a64-a8be-6c24a5544a49 ==============================
[0m19:45:18.830327 [info ] [MainThread]: Running with dbt=1.7.4
[0m19:45:18.830327 [debug] [MainThread]: running dbt with arguments {'printer_width': '80', 'indirect_selection': 'eager', 'log_cache_events': 'False', 'write_json': 'True', 'partial_parse': 'True', 'cache_selected_only': 'False', 'warn_error': 'None', 'debug': 'False', 'version_check': 'True', 'log_path': 'logs', 'fail_fast': 'False', 'profiles_dir': 'C:\\Users\\tzbk\\.dbt', 'use_colors': 'True', 'use_experimental_parser': 'False', 'no_print': 'None', 'quiet': 'False', 'log_format': 'default', 'introspect': 'True', 'warn_error_options': 'WarnErrorOptions(include=[], exclude=[])', 'invocation_command': 'dbt init ml-project-dbt', 'target_path': 'None', 'static_parser': 'True', 'send_anonymous_usage_stats': 'True'}
[0m19:45:18.834325 [warn ] [MainThread]: [ConfigFolderDirectory]: Unable to parse dict {'dir': WindowsPath('C:/Users/tzbk/.dbt')}
[0m19:45:18.835332 [info ] [MainThread]: Creating dbt configuration folder at 
[0m19:45:47.411561 [debug] [MainThread]: Starter project path: C:\Users\tzbk\AppData\Local\pypoetry\Cache\virtualenvs\elt-project-1DQNAJZA-py3.11\Lib\site-packages\dbt\include\starter_project
[0m19:45:47.461134 [info ] [MainThread]: 
Your new dbt project "ml_project_dbt" was created!

For more information on how to configure the profiles.yml file,
please consult the dbt documentation here:

  https://docs.getdbt.com/docs/configure-your-profile

One more thing:

Need help? Don't hesitate to reach out to us via GitHub issues or on Slack:

  https://community.getdbt.com/

Happy modeling!

[0m19:45:47.461134 [info ] [MainThread]: Setting up your profile.
[0m19:54:23.245738 [info ] [MainThread]: Profile ml_project_dbt written to C:\Users\tzbk\.dbt\profiles.yml using target's profile_template.yml and your supplied values. Run 'dbt debug' to validate the connection.
[0m19:54:23.249745 [debug] [MainThread]: Command `dbt init` succeeded at 19:54:23.249745 after 544.47 seconds
[0m19:54:23.249745 [debug] [MainThread]: Sending event: {'category': 'dbt', 'action': 'invocation', 'label': 'end', 'context': [<snowplow_tracker.self_describing_json.SelfDescribingJson object at 0x00000273D1D33B90>, <snowplow_tracker.self_describing_json.SelfDescribingJson object at 0x00000273D68A84D0>, <snowplow_tracker.self_describing_json.SelfDescribingJson object at 0x00000273CE6884D0>]}
[0m19:54:23.249745 [debug] [MainThread]: Flushing usage events
